<?xml version="1.0" encoding="UTF-8"?>
<!-- Generated by org.testng.reporters.JUnitXMLReporter -->
<testsuite ignored="20" hostname="LAPTOP-SUROD588" failures="0" tests="1" name="Default test" time="13.05" errors="0" timestamp="2023-01-03T03:52:53 PST">
  <testcase classname="testPage.HomepageTest" name="role3_use_of_cssSelector_as_locator_searchIconCart" time="3.498"/>
  <testcase classname="testPage.HomepageTest" name="searchNewyearElement" time="0.0">
    <ignored/>
  </testcase> <!-- searchNewyearElement -->
  <testcase classname="testPage.HomepageTest" name="role1_use_of_cssSelector_as_locator_logo" time="0.0">
    <ignored/>
  </testcase> <!-- role1_use_of_cssSelector_as_locator_logo -->
  <testcase classname="testPage.HomepageTest" name="searchaccountelement" time="0.0">
    <ignored/>
  </testcase> <!-- searchaccountelement -->
  <testcase classname="testPage.HomepageTest" name="sendkeyssearch" time="0.0">
    <ignored/>
  </testcase> <!-- sendkeyssearch -->
  <testcase classname="testPage.HomepageTest" name="use_of_getText_method" time="0.0">
    <ignored/>
  </testcase> <!-- use_of_getText_method -->
  <testcase classname="testPage.HomepageTest" name="logoDisplayedTest" time="0.0">
    <ignored/>
  </testcase> <!-- logoDisplayedTest -->
  <testcase classname="testPage.HomepageTest" name="AccountfunctionalityTest" time="0.0">
    <ignored/>
  </testcase> <!-- AccountfunctionalityTest -->
  <testcase classname="testPage.HomepageTest" name="use_of_getTitle_method_in_home_page" time="0.0">
    <ignored/>
  </testcase> <!-- use_of_getTitle_method_in_home_page -->
  <testcase classname="testPage.HomepageTest" name="searchEmailelement" time="0.0">
    <ignored/>
  </testcase> <!-- searchEmailelement -->
  <testcase classname="testPage.HomepageTest" name="role2_use_of_cssSelector_as_locator_Newyear" time="0.0">
    <ignored/>
  </testcase> <!-- role2_use_of_cssSelector_as_locator_Newyear -->
  <testcase classname="testPage.HomepageTest" name="searchweeklyAd" time="0.0">
    <ignored/>
  </testcase> <!-- searchweeklyAd -->
  <testcase classname="testPage.HomepageTest" name="Use_of_clear_method_in_searchEngine" time="0.0">
    <ignored/>
  </testcase> <!-- Use_of_clear_method_in_searchEngine -->
  <testcase classname="testPage.HomepageTest" name="use_of_isdisplayed_in_image" time="0.0">
    <ignored/>
  </testcase> <!-- use_of_isdisplayed_in_image -->
  <testcase classname="testPage.HomepageTest" name="clickAccountTest" time="0.0">
    <ignored/>
  </testcase> <!-- clickAccountTest -->
  <testcase classname="testPage.HomepageTest" name="use_of_AccountfunctionalityTest1" time="0.0">
    <ignored/>
  </testcase> <!-- use_of_AccountfunctionalityTest1 -->
  <testcase classname="testPage.HomepageTest" name="use_of_getAttribute_method" time="0.0">
    <ignored/>
  </testcase> <!-- use_of_getAttribute_method -->
  <testcase classname="testPage.HomepageTest" name="use_of_getCurrentURL_method" time="0.0">
    <ignored/>
  </testcase> <!-- use_of_getCurrentURL_method -->
  <testcase classname="testPage.HomepageTest" name="searchnametest" time="0.0">
    <ignored/>
  </testcase> <!-- searchnametest -->
  <testcase classname="testPage.HomepageTest" name="searchIconCart" time="0.0">
    <ignored/>
  </testcase> <!-- searchIconCart -->
  <testcase classname="testPage.HomepageTest" name="searchblueshado" time="0.0">
    <ignored/>
  </testcase> <!-- searchblueshado -->
</testsuite> <!-- Default test -->
