<?xml version="1.0" encoding="UTF-8"?>
<!-- Generated by org.testng.reporters.JUnitXMLReporter -->
<testsuite ignored="61" hostname="LAPTOP-SUROD588" failures="0" tests="1" name="Default test" time="21.05" errors="0" timestamp="2023-01-29T15:14:06 PST">
  <testcase classname="testPage.HomepageTest" name="loggerNegetiveTest" time="14.727"/>
  <testcase classname="testPage.HomepageTest" name="use_of_click_method_in_loginButtonTest" time="0.0">
    <ignored/>
  </testcase> <!-- use_of_click_method_in_loginButtonTest -->
  <testcase classname="testPage.HomepageTest" name="use_of_dropdown_selectByvalue_method" time="0.0">
    <ignored/>
  </testcase> <!-- use_of_dropdown_selectByvalue_method -->
  <testcase classname="testPage.HomepageTest" name="role1_use_of_cssSelector_as_locator_logo" time="0.0">
    <ignored/>
  </testcase> <!-- role1_use_of_cssSelector_as_locator_logo -->
  <testcase classname="testPage.HomepageTest" name="use_of_getTitle_method_with_assertion02" time="0.0">
    <ignored/>
  </testcase> <!-- use_of_getTitle_method_with_assertion02 -->
  <testcase classname="testPage.HomepageTest" name="homepageAccountfunctionality" time="0.0">
    <ignored/>
  </testcase> <!-- homepageAccountfunctionality -->
  <testcase classname="testPage.HomepageTest" name="use_of_set_specific_size_in_a_window" time="0.0">
    <ignored/>
  </testcase> <!-- use_of_set_specific_size_in_a_window -->
  <testcase classname="testPage.HomepageTest" name="AccountfunctionalityTest" time="0.0">
    <ignored/>
  </testcase> <!-- AccountfunctionalityTest -->
  <testcase classname="testPage.HomepageTest" name="Use_of_sendKeys_method_then_click_in_submit" time="0.0">
    <ignored/>
  </testcase> <!-- Use_of_sendKeys_method_then_click_in_submit -->
  <testcase classname="testPage.HomepageTest" name="use_of_getText_method" time="0.0">
    <ignored/>
  </testcase> <!-- use_of_getText_method -->
  <testcase classname="testPage.HomepageTest" name="Use_of_scroll_down_and_scroll_up_by_javascriptExecutor" time="0.0">
    <ignored/>
  </testcase> <!-- Use_of_scroll_down_and_scroll_up_by_javascriptExecutor -->
  <testcase classname="testPage.HomepageTest" name="sendKeys_by_javascriptExecutor" time="0.0">
    <ignored/>
  </testcase> <!-- sendKeys_by_javascriptExecutor -->
  <testcase classname="testPage.HomepageTest" name="searchblueshado" time="0.0">
    <ignored/>
  </testcase> <!-- searchblueshado -->
  <testcase classname="testPage.HomepageTest" name="use_of_explicitly_wait_in_walgreens4" time="0.0">
    <ignored/>
  </testcase> <!-- use_of_explicitly_wait_in_walgreens4 -->
  <testcase classname="testPage.HomepageTest" name="Use_of_navigate_method" time="0.0">
    <ignored/>
  </testcase> <!-- Use_of_navigate_method -->
  <testcase classname="testPage.HomepageTest" name="use_of_getCurrentURL_method" time="0.0">
    <ignored/>
  </testcase> <!-- use_of_getCurrentURL_method -->
  <testcase classname="testPage.HomepageTest" name="Use_of_sendKeys_method_in_searchEngine_by_javascriptExecutor" time="0.0">
    <ignored/>
  </testcase> <!-- Use_of_sendKeys_method_in_searchEngine_by_javascriptExecutor -->
  <testcase classname="testPage.HomepageTest" name="use_of_explicitly_wait_in_walgreens" time="0.0">
    <ignored/>
  </testcase> <!-- use_of_explicitly_wait_in_walgreens -->
  <testcase classname="testPage.HomepageTest" name="homepageLoginButtonTest01" time="0.0">
    <ignored/>
  </testcase> <!-- homepageLoginButtonTest01 -->
  <testcase classname="testPage.HomepageTest" name="alternate_use_of_click_method_in_loginButtonTest1" time="0.0">
    <ignored/>
  </testcase> <!-- alternate_use_of_click_method_in_loginButtonTest1 -->
  <testcase classname="testPage.HomepageTest" name="role2_use_of_cssSelector_as_locator_Newyear" time="0.0">
    <ignored/>
  </testcase> <!-- role2_use_of_cssSelector_as_locator_Newyear -->
  <testcase classname="testPage.HomepageTest" name="alternate_of_click_method_in_logingButtonTest03" time="0.0">
    <ignored/>
  </testcase> <!-- alternate_of_click_method_in_logingButtonTest03 -->
  <testcase classname="testPage.HomepageTest" name="use_of_isdisplayed_in_image" time="0.0">
    <ignored/>
  </testcase> <!-- use_of_isdisplayed_in_image -->
  <testcase classname="testPage.HomepageTest" name="how_to_handle_hidden_element_by_regular_selenium_method" time="0.0">
    <ignored/>
  </testcase> <!-- how_to_handle_hidden_element_by_regular_selenium_method -->
  <testcase classname="testPage.HomepageTest" name="use_of_getTitle_method_with_soft_assertion" time="0.0">
    <ignored/>
  </testcase> <!-- use_of_getTitle_method_with_soft_assertion -->
  <testcase classname="testPage.HomepageTest" name="switchBetweenWindow01" time="0.0">
    <ignored/>
  </testcase> <!-- switchBetweenWindow01 -->
  <testcase classname="testPage.HomepageTest" name="searchNewyearElement" time="0.0">
    <ignored/>
  </testcase> <!-- searchNewyearElement -->
  <testcase classname="testPage.HomepageTest" name="role3_use_of_cssSelector_as_locator_searchIconCart" time="0.0">
    <ignored/>
  </testcase> <!-- role3_use_of_cssSelector_as_locator_searchIconCart -->
  <testcase classname="testPage.HomepageTest" name="use_of_dropdown_selectByVisibleText_method" time="0.0">
    <ignored/>
  </testcase> <!-- use_of_dropdown_selectByVisibleText_method -->
  <testcase classname="testPage.HomepageTest" name="searchIconCart" time="0.0">
    <ignored/>
  </testcase> <!-- searchIconCart -->
  <testcase classname="testPage.HomepageTest" name="role2_use_of_hard_assert_method" time="0.0">
    <ignored/>
  </testcase> <!-- role2_use_of_hard_assert_method -->
  <testcase classname="testPage.HomepageTest" name="use_of_dropdown_selectByIndex_method" time="0.0">
    <ignored/>
  </testcase> <!-- use_of_dropdown_selectByIndex_method -->
  <testcase classname="testPage.HomepageTest" name="sendkeyssearch" time="0.0">
    <ignored/>
  </testcase> <!-- sendkeyssearch -->
  <testcase classname="testPage.HomepageTest" name="use_of_getTitle_method_in_home_page" time="0.0">
    <ignored/>
  </testcase> <!-- use_of_getTitle_method_in_home_page -->
  <testcase classname="testPage.HomepageTest" name="use_of_set_script_timeout_for_window" time="0.0">
    <ignored/>
  </testcase> <!-- use_of_set_script_timeout_for_window -->
  <testcase classname="testPage.HomepageTest" name="homepageLoginButtonTest02" time="0.0">
    <ignored/>
  </testcase> <!-- homepageLoginButtonTest02 -->
  <testcase classname="testPage.HomepageTest" name="alternate_use_of_click_method_in_loginButtonTest2" time="0.0">
    <ignored/>
  </testcase> <!-- alternate_use_of_click_method_in_loginButtonTest2 -->
  <testcase classname="testPage.HomepageTest" name="loggerPositiveTest" time="0.0">
    <ignored/>
  </testcase> <!-- loggerPositiveTest -->
  <testcase classname="testPage.HomepageTest" name="use_of_explicitly_wait_in_walgreens3" time="0.0">
    <ignored/>
  </testcase> <!-- use_of_explicitly_wait_in_walgreens3 -->
  <testcase classname="testPage.HomepageTest" name="searchaccountelement" time="0.0">
    <ignored/>
  </testcase> <!-- searchaccountelement -->
  <testcase classname="testPage.HomepageTest" name="searchweeklyAd" time="0.0">
    <ignored/>
  </testcase> <!-- searchweeklyAd -->
  <testcase classname="testPage.HomepageTest" name="how_to_handle_hidden_element_by_javascriptExecutor" time="0.0">
    <ignored/>
  </testcase> <!-- how_to_handle_hidden_element_by_javascriptExecutor -->
  <testcase classname="testPage.HomepageTest" name="searchEmailelement" time="0.0">
    <ignored/>
  </testcase> <!-- searchEmailelement -->
  <testcase classname="testPage.HomepageTest" name="use_of_getTitle_method_with_assertion1" time="0.0">
    <ignored/>
  </testcase> <!-- use_of_getTitle_method_with_assertion1 -->
  <testcase classname="testPage.HomepageTest" name="Use_of_clear_method_in_searchEngine1" time="0.0">
    <ignored/>
  </testcase> <!-- Use_of_clear_method_in_searchEngine1 -->
  <testcase classname="testPage.HomepageTest" name="role1_use_of_hard_assert_method" time="0.0">
    <ignored/>
  </testcase> <!-- role1_use_of_hard_assert_method -->
  <testcase classname="testPage.HomepageTest" name="Use_of_clear_method_in_searchEngine" time="0.0">
    <ignored/>
  </testcase> <!-- Use_of_clear_method_in_searchEngine -->
  <testcase classname="testPage.HomepageTest" name="use_of_AccountfunctionalityTest1" time="0.0">
    <ignored/>
  </testcase> <!-- use_of_AccountfunctionalityTest1 -->
  <testcase classname="testPage.HomepageTest" name="clickAccountTest" time="0.0">
    <ignored/>
  </testcase> <!-- clickAccountTest -->
  <testcase classname="testPage.HomepageTest" name="homepageLogingButtonTest05" time="0.0">
    <ignored/>
  </testcase> <!-- homepageLogingButtonTest05 -->
  <testcase classname="testPage.HomepageTest" name="scrollIntoViewElement" time="0.0">
    <ignored/>
  </testcase> <!-- scrollIntoViewElement -->
  <testcase classname="testPage.HomepageTest" name="use_of_mouse_hoverAction_on_ourLocations" time="0.0">
    <ignored/>
  </testcase> <!-- use_of_mouse_hoverAction_on_ourLocations -->
  <testcase classname="testPage.HomepageTest" name="logoDisplayedTest" time="0.0">
    <ignored/>
  </testcase> <!-- logoDisplayedTest -->
  <testcase classname="testPage.HomepageTest" name="InputTextInAccountandSigningThenClickSelectBox1" time="0.0">
    <ignored/>
  </testcase> <!-- InputTextInAccountandSigningThenClickSelectBox1 -->
  <testcase classname="testPage.HomepageTest" name="use_of_explicitly_wait_in_walgreens2" time="0.0">
    <ignored/>
  </testcase> <!-- use_of_explicitly_wait_in_walgreens2 -->
  <testcase classname="testPage.HomepageTest" name="use_of_mouse_hoverAction_on_aboutUS" time="0.0">
    <ignored/>
  </testcase> <!-- use_of_mouse_hoverAction_on_aboutUS -->
  <testcase classname="testPage.HomepageTest" name="logoDisplayedtest1" time="0.0">
    <ignored/>
  </testcase> <!-- logoDisplayedtest1 -->
  <testcase classname="testPage.HomepageTest" name="use_of_getAttribute_method" time="0.0">
    <ignored/>
  </testcase> <!-- use_of_getAttribute_method -->
  <testcase classname="testPage.HomepageTest" name="searchnametest" time="0.0">
    <ignored/>
  </testcase> <!-- searchnametest -->
  <testcase classname="testPage.HomepageTest" name="use_of_explicitly_wait_in_walgreens5" time="0.0">
    <ignored/>
  </testcase> <!-- use_of_explicitly_wait_in_walgreens5 -->
  <testcase classname="testPage.HomepageTest" name="use_of_explicitly_wait" time="0.0">
    <ignored/>
  </testcase> <!-- use_of_explicitly_wait -->
  <testcase classname="testPage.HomepageTest" name="skipHomePageTitleTest" time="0.0">
    <ignored/>
  </testcase> <!-- skipHomePageTitleTest -->
</testsuite> <!-- Default test -->
