<?xml version="1.0" encoding="UTF-8"?>
<testng-results ignored="20" total="21" passed="1" failed="0" skipped="0">
  <reporter-output>
  </reporter-output>
  <suite started-at="2023-01-03T03:52:40 PST" name="Default suite" finished-at="2023-01-03T03:52:53 PST" duration-ms="13050">
    <groups>
    </groups>
    <test started-at="2023-01-03T03:52:40 PST" name="Default test" finished-at="2023-01-03T03:52:53 PST" duration-ms="13050">
      <class name="testPage.HomepageTest">
        <test-method is-config="true" signature="setUp()[pri:0, instance:testPage.HomepageTest@1b11171f]" started-at="2023-01-03T03:52:40 PST" name="setUp" finished-at="2023-01-03T03:52:49 PST" duration-ms="9189" status="PASS">
          <reporter-output>
          </reporter-output>
        </test-method> <!-- setUp -->
        <test-method signature="role3_use_of_cssSelector_as_locator_searchIconCart()[pri:0, instance:testPage.HomepageTest@1b11171f]" started-at="2023-01-03T03:52:49 PST" name="role3_use_of_cssSelector_as_locator_searchIconCart" finished-at="2023-01-03T03:52:53 PST" duration-ms="3498" status="PASS">
          <reporter-output>
          </reporter-output>
        </test-method> <!-- role3_use_of_cssSelector_as_locator_searchIconCart -->
        <test-method is-config="true" signature="tearUp()[pri:0, instance:testPage.HomepageTest@1b11171f]" started-at="2023-01-03T03:52:53 PST" name="tearUp" finished-at="2023-01-03T03:52:53 PST" duration-ms="288" status="PASS">
          <reporter-output>
          </reporter-output>
        </test-method> <!-- tearUp -->
      </class> <!-- testPage.HomepageTest -->
    </test> <!-- Default test -->
  </suite> <!-- Default suite -->
</testng-results>
