<?xml version="1.0" encoding="UTF-8"?>
<testng-results ignored="22" total="23" passed="1" failed="0" skipped="0">
  <reporter-output>
  </reporter-output>
  <suite started-at="2023-01-06T02:37:50 PST" name="Default suite" finished-at="2023-01-06T02:38:02 PST" duration-ms="11827">
    <groups>
    </groups>
    <test started-at="2023-01-06T02:37:50 PST" name="Default test" finished-at="2023-01-06T02:38:02 PST" duration-ms="11827">
      <class name="testPage.HomepageTest">
        <test-method is-config="true" signature="setUp()[pri:0, instance:testPage.HomepageTest@4d5650ae]" started-at="2023-01-06T02:37:51 PST" name="setUp" finished-at="2023-01-06T02:37:59 PST" duration-ms="8234" status="PASS">
          <reporter-output>
          </reporter-output>
        </test-method> <!-- setUp -->
        <test-method signature="clickAccountTest()[pri:2, instance:testPage.HomepageTest@4d5650ae]" started-at="2023-01-06T02:37:59 PST" name="clickAccountTest" finished-at="2023-01-06T02:38:02 PST" duration-ms="3241" status="PASS">
          <reporter-output>
          </reporter-output>
        </test-method> <!-- clickAccountTest -->
        <test-method is-config="true" signature="tearUp()[pri:0, instance:testPage.HomepageTest@4d5650ae]" started-at="2023-01-06T02:38:02 PST" name="tearUp" finished-at="2023-01-06T02:38:02 PST" duration-ms="272" status="PASS">
          <reporter-output>
          </reporter-output>
        </test-method> <!-- tearUp -->
      </class> <!-- testPage.HomepageTest -->
    </test> <!-- Default test -->
  </suite> <!-- Default suite -->
</testng-results>
